<?xml version="1.0" encoding="utf-8"?><testsuites name="pytest tests"><testsuite name="pytest" errors="0" failures="0" skipped="0" tests="17" time="36.410" timestamp="2026-04-27T12:09:55.713009+00:00" hostname="agent-env-2a032278-41ad-4272-b3bc-28b78ec63acd"><testcase classname="tests.test_lebville_api.TestHealth" name="test_health" time="1.938" /><testcase classname="tests.test_lebville_api.TestProducts" name="test_list_products" time="0.717" /><testcase classname="tests.test_lebville_api.TestProducts" name="test_filter_clothing" time="0.706" /><testcase classname="tests.test_lebville_api.TestProducts" name="test_sort_price_asc" time="0.699" /><testcase classname="tests.test_lebville_api.TestProducts" name="test_sort_price_desc" time="0.735" /><testcase classname="tests.test_lebville_api.TestProducts" name="test_search_nora" time="0.723" /><testcase classname="tests.test_lebville_api.TestProducts" name="test_product_detail" time="1.439" /><testcase classname="tests.test_lebville_api.TestProducts" name="test_categories" time="0.765" /><testcase classname="tests.test_lebville_api.TestAuth" name="test_register_login_me_logout" time="3.653" /><testcase classname="tests.test_lebville_api.TestAuth" name="test_brute_force_lockout" time="6.471" /><testcase classname="tests.test_lebville_api.TestOrders" name="test_create_order_auth_required" time="1.101" /><testcase classname="tests.test_lebville_api.TestOrders" name="test_create_order_free_shipping" time="2.433" /><testcase classname="tests.test_lebville_api.TestOrders" name="test_create_order_paid_shipping" time="1.398" /><testcase classname="tests.test_lebville_api.TestOrders" name="test_list_orders" time="0.769" /><testcase classname="tests.test_lebville_api.TestPayment" name="test_payment_create_mock" time="2.145" /><testcase classname="tests.test_lebville_api.TestPayment" name="test_payment_verify_mock" time="3.687" /><testcase classname="tests.test_lebville_api.TestChat" name="test_chat_message_and_history" time="6.944" /></testsuite></testsuites>